#
# There is insufficient memory for the Java Runtime Environment to continue.
# Native memory allocation (mmap) failed to map 65536 bytes. Error detail: Failed to commit metaspace.
# Possible reasons:
#   The system is out of physical RAM or swap space
#   This process is running with CompressedOops enabled, and the Java Heap may be blocking the growth of the native heap
# Possible solutions:
#   Reduce memory load on the system
#   Increase physical memory or swap space
#   Check if swap backing store is full
#   Decrease Java heap size (-Xmx/-Xms)
#   Decrease number of Java threads
#   Decrease Java thread stack sizes (-Xss)
#   Set larger code cache with -XX:ReservedCodeCacheSize=
#     placed in the first 32GB address space. The Java Heap base address is the
#     maximum limit for the native heap growth. Please use -XX:HeapBaseMinAddress
#     to set the Java Heap base and to place the Java Heap above 32GB virtual address.
# This output file may be truncated or incomplete.
#
#  Out of Memory Error (virtualSpaceNode.cpp:113), pid=11712, tid=32220
#
# JRE version: Java(TM) SE Runtime Environment (23.0.1+11) (build 23.0.1+11-39)
# Java VM: Java HotSpot(TM) 64-Bit Server VM (23.0.1+11-39, mixed mode, tiered, compressed oops, compressed class ptrs, g1 gc, windows-amd64)
# No core dump will be written. Minidumps are not enabled by default on client versions of Windows
#

---------------  S U M M A R Y ------------

Command Line: -Dclassworlds.conf=C:\Users\erica\.m2\wrapper\dists\apache-maven-3.9.9\977a63e90f436cd6ade95b4c0e10c20c\bin\m2.conf -Dmaven.home=C:\Users\erica\.m2\wrapper\dists\apache-maven-3.9.9\977a63e90f436cd6ade95b4c0e10c20c -Dlibrary.jansi.path=C:\Users\erica\.m2\wrapper\dists\apache-maven-3.9.9\977a63e90f436cd6ade95b4c0e10c20c\lib\jansi-native -Dmaven.multiModuleProjectDirectory=X:\PFI-DSS\simplex-service org.codehaus.plexus.classworlds.launcher.Launcher spring-boot:run

Host: AMD Ryzen 5 4600H with Radeon Graphics         , 12 cores, 15G,  Windows 11 , 64 bit Build 22621 (10.0.22621.4391)
Time: Wed Dec 18 13:45:02 2024 Hora estándar Montañas (México) elapsed time: 0.268932 seconds (0d 0h 0m 0s)

---------------  T H R E A D  ---------------

Current thread (0x000001fbed88f640):  JavaThread "main"             [_thread_in_vm, id=32220, stack(0x0000007f97500000,0x0000007f97600000) (1024K)]

Stack: [0x0000007f97500000,0x0000007f97600000]
Native frames: (J=compiled Java code, j=interpreted, Vv=VM code, C=native code)
V  [jvm.dll+0x6e08b9]  (no source info available)
V  [jvm.dll+0x87dc83]  (no source info available)
V  [jvm.dll+0x88010e]  (no source info available)
V  [jvm.dll+0x8807e3]  (no source info available)
V  [jvm.dll+0x27aee6]  (no source info available)
V  [jvm.dll+0x87988e]  (no source info available)
V  [jvm.dll+0x682035]  (no source info available)
V  [jvm.dll+0x68209a]  (no source info available)
V  [jvm.dll+0x6848da]  (no source info available)
V  [jvm.dll+0x2219dc]  (no source info available)
V  [jvm.dll+0x682a4e]  (no source info available)
V  [jvm.dll+0x26509f]  (no source info available)
V  [jvm.dll+0x68cde4]  (no source info available)
V  [jvm.dll+0x211fe1]  (no source info available)
V  [jvm.dll+0x21244a]  (no source info available)
V  [jvm.dll+0x212e71]  (no source info available)
V  [jvm.dll+0x20811e]  (no source info available)
V  [jvm.dll+0x5be6df]  (no source info available)
V  [jvm.dll+0x219b2b]  (no source info available)
V  [jvm.dll+0x7f3130]  (no source info available)
V  [jvm.dll+0x7f41d6]  (no source info available)
V  [jvm.dll+0x7f47e4]  (no source info available)
V  [jvm.dll+0x7f4468]  (no source info available)
V  [jvm.dll+0x2689cb]  (no source info available)
V  [jvm.dll+0x268bf6]  (no source info available)
V  [jvm.dll+0x5e1da1]  (no source info available)
V  [jvm.dll+0x5e43f4]  (no source info available)
V  [jvm.dll+0x3d573a]  (no source info available)
V  [jvm.dll+0x3d51c0]  (no source info available)
C  0x000001fb87547c51  (no source info available)

The last pc belongs to getstatic (printed below).
Java frames: (J=compiled Java code, j=interpreted, Vv=VM code)
j  java.io.WinNTFileSystem.hashCode(Ljava/io/File;)I+4 java.base@23.0.1
j  java.io.File.hashCode()I+4 java.base@23.0.1
j  java.util.zip.ZipFile$Source$Key.hashCode()I+59 java.base@23.0.1
J 48 c1 java.util.HashMap.hash(Ljava/lang/Object;)I java.base@23.0.1 (20 bytes) @ 0x000001fb8000c464 [0x000001fb8000c340+0x0000000000000124]
j  java.util.HashMap.putIfAbsent(Ljava/lang/Object;Ljava/lang/Object;)Ljava/lang/Object;+2 java.base@23.0.1
j  java.util.zip.ZipFile$Source.get(Ljava/io/File;ZLjava/util/zip/ZipCoder;)Ljava/util/zip/ZipFile$Source;+128 java.base@23.0.1
j  java.util.zip.ZipFile$CleanableResource.<init>(Ljava/util/zip/ZipFile;Ljava/util/zip/ZipCoder;Ljava/io/File;I)V+56 java.base@23.0.1
j  java.util.zip.ZipFile.<init>(Ljava/io/File;ILjava/nio/charset/Charset;)V+131 java.base@23.0.1
j  java.util.zip.ZipFile.<init>(Ljava/io/File;I)V+6 java.base@23.0.1
j  java.util.jar.JarFile.<init>(Ljava/io/File;ZILjava/lang/Runtime$Version;)V+3 java.base@23.0.1
j  jdk.internal.loader.URLClassPath$JarLoader.getJarFile(Ljava/net/URL;)Ljava/util/jar/JarFile;+56 java.base@23.0.1
j  jdk.internal.loader.URLClassPath$JarLoader$1.run()Ljava/lang/Void;+55 java.base@23.0.1
j  jdk.internal.loader.URLClassPath$JarLoader$1.run()Ljava/lang/Object;+1 java.base@23.0.1
j  java.security.AccessController.executePrivileged(Ljava/security/PrivilegedExceptionAction;Ljava/security/AccessControlContext;Ljava/lang/Class;)Ljava/lang/Object;+29 java.base@23.0.1
j  java.security.AccessController.doPrivileged(Ljava/security/PrivilegedExceptionAction;Ljava/security/AccessControlContext;)Ljava/lang/Object;+13 java.base@23.0.1
j  jdk.internal.loader.URLClassPath$JarLoader.ensureOpen()V+19 java.base@23.0.1
j  jdk.internal.loader.URLClassPath$JarLoader.<init>(Ljava/net/URL;Ljava/net/URLStreamHandler;Ljava/security/AccessControlContext;)V+48 java.base@23.0.1
j  jdk.internal.loader.URLClassPath$3.run()Ljdk/internal/loader/URLClassPath$Loader;+154 java.base@23.0.1
j  jdk.internal.loader.URLClassPath$3.run()Ljava/lang/Object;+1 java.base@23.0.1
j  java.security.AccessController.executePrivileged(Ljava/security/PrivilegedExceptionAction;Ljava/security/AccessControlContext;Ljava/lang/Class;)Ljava/lang/Object;+29 java.base@23.0.1
j  java.security.AccessController.doPrivileged(Ljava/security/PrivilegedExceptionAction;Ljava/security/AccessControlContext;)Ljava/lang/Object;+13 java.base@23.0.1
j  jdk.internal.loader.URLClassPath.getLoader(Ljava/net/URL;)Ljdk/internal/loader/URLClassPath$Loader;+13 java.base@23.0.1
j  jdk.internal.loader.URLClassPath.getLoader(I)Ljdk/internal/loader/URLClassPath$Loader;+81 java.base@23.0.1
j  jdk.internal.loader.URLClassPath.getResource(Ljava/lang/String;Z)Ljdk/internal/loader/Resource;+42 java.base@23.0.1
j  jdk.internal.loader.BuiltinClassLoader.findClassOnClassPathOrNull(Ljava/lang/String;)Ljava/lang/Class;+26 java.base@23.0.1
j  jdk.internal.loader.BuiltinClassLoader.loadClassOrNull(Ljava/lang/String;Z)Ljava/lang/Class;+111 java.base@23.0.1
j  jdk.internal.loader.BuiltinClassLoader.loadClass(Ljava/lang/String;Z)Ljava/lang/Class;+3 java.base@23.0.1
j  jdk.internal.loader.ClassLoaders$AppClassLoader.loadClass(Ljava/lang/String;Z)Ljava/lang/Class;+36 java.base@23.0.1
j  java.lang.ClassLoader.loadClass(Ljava/lang/String;)Ljava/lang/Class;+3 java.base@23.0.1
v  ~StubRoutines::call_stub 0x000001fb87530fcd
j  java.lang.Class.forName0(Ljava/lang/String;ZLjava/lang/ClassLoader;Ljava/lang/Class;)Ljava/lang/Class;+0 java.base@23.0.1
j  java.lang.Class.forName(Ljava/lang/String;ZLjava/lang/ClassLoader;Ljava/lang/Class;)Ljava/lang/Class;+37 java.base@23.0.1
j  java.lang.Class.forName(Ljava/lang/String;ZLjava/lang/ClassLoader;)Ljava/lang/Class;+20 java.base@23.0.1
j  sun.launcher.LauncherHelper.loadMainClass(ILjava/lang/String;)Ljava/lang/Class;+130 java.base@23.0.1
j  sun.launcher.LauncherHelper.checkAndLoadMain(ZILjava/lang/String;)Ljava/lang/Class;+42 java.base@23.0.1
v  ~StubRoutines::call_stub 0x000001fb87530fcd
Lock stack of current Java thread (top to bottom):
LockStack[2]: java.util.HashMap 
{0x0000000719588ac0} - klass: 'java/util/HashMap'
 - ---- fields (total size 6 words):
 - transient 'keySet' 'Ljava/util/Set;' @12  null (0x00000000)
 - transient 'values' 'Ljava/util/Collection;' @16  null (0x00000000)
 - transient 'size' 'I' @20  0 (0x00000000)
 - transient 'modCount' 'I' @24  0 (0x00000000)
 - 'threshold' 'I' @28  0 (0x00000000)
 - final 'loadFactor' 'F' @32  0.750000 (0x3f400000)
 - transient 'table' '[Ljava/util/HashMap$Node;' @36  null (0x00000000)
 - transient 'entrySet' 'Ljava/util/Set;' @40  null (0x00000000)
LockStack[1]: jdk.internal.loader.URLClassPath 
{0x0000000719460460} - klass: 'jdk/internal/loader/URLClassPath'
 - ---- fields (total size 5 words):
 - private 'closed' 'Z' @12  false (0x00)
 - private final 'path' 'Ljava/util/ArrayList;' @16  a 'java/util/ArrayList'{0x00000007194604d0} (0xe328c09a)
 - private final 'unopenedUrls' 'Ljava/util/ArrayDeque;' @20  a 'java/util/ArrayDeque'{0x00000007194617b8} (0xe328c2f7)
 - private final 'loaders' 'Ljava/util/ArrayList;' @24  a 'java/util/ArrayList'{0x0000000719460488} (0xe328c091)
 - private final 'lmap' 'Ljava/util/HashMap;' @28  a 'java/util/HashMap'{0x00000007194604a0} (0xe328c094)
 - private final 'jarHandler' 'Ljava/net/URLStreamHandler;' @32  a 'sun/net/www/protocol/jar/Handler'{0x00000007194618f8} (0xe328c31f)
 - private final 'acc' 'Ljava/security/AccessControlContext;' @36  null (0x00000000)
LockStack[0]: java.lang.Object 
{0x0000000719585ae8} - klass: 'java/lang/Object'
 - ---- fields (total size 2 words):

getstatic  178 getstatic  [0x000001fb87547ba0, 0x000001fb87547da0]  512 bytes
[MachCode]
  0x000001fb87547ba0: 4883 ec08 | c5fa 1104 | 24eb 1f48 | 83ec 10c5 | fb11 0424 | eb14 4883 | ec10 4889 | 0424 48c7 
  0x000001fb87547bc0: 4424 0800 | 0000 00eb | 0150 488b | 4dd0 410f | b755 0148 | 8b49 286b | d218 488d | 4c11 080f 
  0x000001fb87547be0: b659 1281 | fbb2 0000 | 000f 84bd | 0000 00bb | b200 0000 | e805 0000 | 00e9 9900 | 0000 488b 
  0x000001fb87547c00: d348 8d44 | 2408 4c89 | 6dc0 498b | cfc5 f877 | 4989 afb0 | 0300 0049 | 8987 a003 | 0000 4883 
  0x000001fb87547c20: ec20 40f6 | c40f 0f84 | 1900 0000 | 4883 ec08 | 48b8 6051 | 8137 fa7f | 0000 ffd0 | 4883 c408 
  0x000001fb87547c40: e90c 0000 | 0048 b860 | 5181 37fa | 7f00 00ff | d048 83c4 | 2049 c787 | a003 0000 | 0000 0000 
  0x000001fb87547c60: 49c7 87b0 | 0300 0000 | 0000 0049 | c787 a803 | 0000 0000 | 0000 c5f8 | 7749 837f | 0800 0f84 
  0x000001fb87547c80: 0500 0000 | e937 92fe | ff4c 8b6d | c04c 8b75 | c84e 8d74 | f500 c348 | 8b4d d041 | 0fb7 5501 
  0x000001fb87547ca0: 488b 4928 | 6bd2 1848 | 8d4c 1108 | 8b59 080f | b651 110f | b641 104c | 8b09 4d8b | 4970 4d8b 
  0x000001fb87547cc0: 0985 c00f | 850b 0000 | 0041 0fbe | 0419 50e9 | b500 0000 | 83f8 010f | 850b 0000 | 0041 0fb6 
  0x000001fb87547ce0: 0419 50e9 | a100 0000 | 83f8 080f | 850e 0000 | 0041 8b04 | 1948 c1e0 | 0350 e98a | 0000 0083 
  0x000001fb87547d00: f804 0f85 | 0a00 0000 | 418b 0419 | 50e9 7700 | 0000 83f8 | 020f 850b | 0000 0041 | 0fb7 0419 
  0x000001fb87547d20: 50e9 6300 | 0000 83f8 | 030f 850b | 0000 0041 | 0fbf 0419 | 50e9 4f00 | 0000 83f8 | 050f 851a 
  0x000001fb87547d40: 0000 0049 | 8b04 1948 | 83ec 1048 | 8904 2448 | c744 2408 | 0000 0000 | e92c 0000 | 0083 f806 
  0x000001fb87547d60: 0f85 1400 | 0000 c4c1 | 7a10 0419 | 4883 ec08 | c5fa 1104 | 24e9 0f00 | 0000 c4c1 | 7b10 0419 
  0x000001fb87547d80: 4883 ec10 | c5fb 1104 | 2441 0fb6 | 5d03 4983 | c503 49ba | 507e 0c38 | fa7f 0000 | 41ff 24da 
[/MachCode]

Compiled method (c1) 372   48       3       java.util.HashMap::hash (20 bytes)
 total in heap  [0x000001fb8000c208,0x000001fb8000c540] = 824
 relocation     [0x000001fb8000c2e0,0x000001fb8000c328] = 72
 main code      [0x000001fb8000c340,0x000001fb8000c4f0] = 432
 stub code      [0x000001fb8000c4f0,0x000001fb8000c538] = 72
 metadata       [0x000001fb8000c538,0x000001fb8000c540] = 8
 immutable data [0x000001fb9305f590,0x000001fb9305f610] = 128
 dependencies   [0x000001fb9305f590,0x000001fb9305f598] = 8
 nul chk table  [0x000001fb9305f598,0x000001fb9305f5a8] = 16
 scopes pcs     [0x000001fb9305f5a8,0x000001fb9305f5f8] = 80
 scopes data    [0x000001fb9305f5f8,0x000001fb9305f610] = 24

[Constant Pool (empty)]

[MachCode]
[Verified Entry Point]
  # {method} {0x000001fb8f1bafc8} 'hash' '(Ljava/lang/Object;)I' in 'java/util/HashMap'
  # parm0:    rdx:rdx   = 'java/lang/Object'
  #           [sp+0x40]  (sp of caller)
  0x000001fb8000c340: 8984 2400 | 80ff ff55 | 4883 ec30 | 4181 7f20 | 0100 0000 

  0x000001fb8000c354: ;   {runtime_call StubRoutines (final stubs)}
  0x000001fb8000c354: 7405 e885 

  0x000001fb8000c358: ;   {metadata(method data for {method} {0x000001fb8f1bafc8} 'hash' '(Ljava/lang/Object;)I' in 'java/util/HashMap')}
  0x000001fb8000c358: b355 0748 | be80 9e38 | 8ffb 0100 | 008b becc | 0000 0083 | c702 89be | cc00 0000 | 81e7 fe07 
  0x000001fb8000c378: 0000 85ff | 0f84 0901 | 0000 4885 

  0x000001fb8000c384: ;   {metadata(method data for {method} {0x000001fb8f1bafc8} 'hash' '(Ljava/lang/Object;)I' in 'java/util/HashMap')}
  0x000001fb8000c384: d248 be80 | 9e38 8ffb | 0100 00bf | 1801 0000 | 7505 bf28 | 0100 0048 | 8b1c 3e48 | 8d5b 0148 
  0x000001fb8000c3a4: 891c 3e0f | 851a 0000 

  0x000001fb8000c3ac: ;   {metadata(method data for {method} {0x000001fb8f1bafc8} 'hash' '(Ljava/lang/Object;)I' in 'java/util/HashMap')}
  0x000001fb8000c3ac: 0048 ba80 | 9e38 8ffb | 0100 00ff | 8238 0100 | 00be 0000 | 0000 e9ae | 0000 0048 | 3b02 488b 
  0x000001fb8000c3cc: ;   {metadata(method data for {method} {0x000001fb8f1bafc8} 'hash' '(Ljava/lang/Object;)I' in 'java/util/HashMap')}
  0x000001fb8000c3cc: f248 bf80 | 9e38 8ffb | 0100 008b | 7608 483b | b758 0100 | 0075 0d48 | 8387 6001 | 0000 01e9 
  0x000001fb8000c3ec: 6000 0000 | 483b b768 | 0100 0075 | 0d48 8387 | 7001 0000 | 01e9 4a00 | 0000 4883 | bf58 0100 
  0x000001fb8000c40c: 0000 7517 | 4889 b758 | 0100 0048 | c787 6001 | 0000 0100 | 0000 e929 | 0000 0048 | 83bf 6801 
  0x000001fb8000c42c: 0000 0075 | 1748 89b7 | 6801 0000 | 48c7 8770 | 0100 0001 | 0000 00e9 | 0800 0000 | 4883 8750 
  0x000001fb8000c44c: 0100 0001 | 0f1f 4400 | 0048 b870 | bc1a 93fb 

  0x000001fb8000c45c: ;   {virtual_call}
  0x000001fb8000c45c: 0100 00e8 

  0x000001fb8000c460: ; ImmutableOopMap {}
                      ;*invokevirtual hashCode {reexecute=0 rethrow=0 return_oop=0}
                      ; - java.util.HashMap::hash@9 (line 338)
  0x000001fb8000c460: ecfd 6307 

  0x000001fb8000c464: ;   {other}
  0x000001fb8000c464: 0f1f 8400 | 5c02 0000 | 488b f0c1 | ee10 4833 | f048 8bc6 | 4883 c430 

  0x000001fb8000c47c: ;   {poll_return}
  0x000001fb8000c47c: 5d49 3ba7 | 4804 0000 | 0f87 2700 

  0x000001fb8000c488: ;   {metadata({method} {0x000001fb8f1bafc8} 'hash' '(Ljava/lang/Object;)I' in 'java/util/HashMap')}
  0x000001fb8000c488: 0000 c349 | bac0 af1b | 8ffb 0100 | 004c 8954 | 2408 48c7 | 0424 ffff 

  0x000001fb8000c4a0: ;   {runtime_call counter_overflow Runtime1 stub}
  0x000001fb8000c4a0: ffff e839 

  0x000001fb8000c4a4: ; ImmutableOopMap {rdx=Oop }
                      ;*synchronization entry
                      ; - java.util.HashMap::hash@-1 (line 338)
  0x000001fb8000c4a4: 8e63 07e9 | d6fe ffff 

  0x000001fb8000c4ac: ;   {runtime_call throw_null_pointer_exception Runtime1 stub}
  0x000001fb8000c4ac: e8af 4162 

  0x000001fb8000c4b0: ; ImmutableOopMap {rdx=Oop }
                      ;*invokevirtual hashCode {reexecute=0 rethrow=0 return_oop=0}
                      ; - java.util.HashMap::hash@9 (line 338)
                      ;   {internal_word}
  0x000001fb8000c4b0: 0749 ba7d | c400 80fb | 0100 004d | 8997 6004 

  0x000001fb8000c4c0: ;   {runtime_call SafepointBlob}
  0x000001fb8000c4c0: 0000 e919 | 8f57 0749 | 8b87 0005 | 0000 49c7 | 8700 0500 | 0000 0000 | 0049 c787 | 0805 0000 
  0x000001fb8000c4e0: 0000 0000 | 4883 c430 

  0x000001fb8000c4e8: ;   {runtime_call unwind_exception Runtime1 stub}
  0x000001fb8000c4e8: 5de9 7232 | 6207 f4f4 
[Stub Code]
  0x000001fb8000c4f0: ;   {no_reloc}
  0x000001fb8000c4f0: 0f1f 4400 

  0x000001fb8000c4f4: ;   {static_stub}
  0x000001fb8000c4f4: 0048 bb00 | 0000 0000 

  0x000001fb8000c4fc: ;   {runtime_call nmethod}
  0x000001fb8000c4fc: 0000 00e9 | fbff ffff 
[Exception Handler]
  0x000001fb8000c504: ;   {runtime_call handle_exception_from_callee Runtime1 stub}
  0x000001fb8000c504: e857 5f62 

  0x000001fb8000c508: ;   {external_word}
  0x000001fb8000c508: 0748 b940 | d5e0 37fa | 7f00 0048 

  0x000001fb8000c514: ;   {runtime_call}
  0x000001fb8000c514: 83e4 f048 | b870 4aa7 | 37fa 7f00 | 00ff d0f4 
[Deopt Handler Code]
  0x000001fb8000c524: ;   {section_word}
  0x000001fb8000c524: 49ba 24c5 | 0080 fb01 | 0000 4152 

  0x000001fb8000c530: ;   {runtime_call DeoptimizationBlob}
  0x000001fb8000c530: e94b 8157 | 07f4 f4f4 
[/MachCode]


---------------  P R O C E S S  ---------------

Threads class SMR info:
_java_thread_list=0x000001fb932471c0, length=11, elements={
0x000001fbed88f640, 0x000001fb93092800, 0x000001fb9307abe0, 0x000001fb93085c00,
0x000001fb93086660, 0x000001fb930847c0, 0x000001fb930870c0, 0x000001fb9309ceb0,
0x000001fb9309d960, 0x000001fb932405d0, 0x000001fb932468c0
}

Java Threads: ( => current thread )
=>0x000001fbed88f640 JavaThread "main"                              [_thread_in_vm, id=32220, stack(0x0000007f97500000,0x0000007f97600000) (1024K)]
  0x000001fb93092800 JavaThread "Reference Handler"          daemon [_thread_blocked, id=24328, stack(0x0000007f97d00000,0x0000007f97e00000) (1024K)]
  0x000001fb9307abe0 JavaThread "Finalizer"                  daemon [_thread_blocked, id=29152, stack(0x0000007f97e00000,0x0000007f97f00000) (1024K)]
  0x000001fb93085c00 JavaThread "Signal Dispatcher"          daemon [_thread_blocked, id=22192, stack(0x0000007f97f00000,0x0000007f98000000) (1024K)]
  0x000001fb93086660 JavaThread "Attach Listener"            daemon [_thread_blocked, id=29280, stack(0x0000007f98000000,0x0000007f98100000) (1024K)]
  0x000001fb930847c0 JavaThread "Service Thread"             daemon [_thread_blocked, id=21264, stack(0x0000007f98100000,0x0000007f98200000) (1024K)]
  0x000001fb930870c0 JavaThread "Monitor Deflation Thread"   daemon [_thread_blocked, id=15888, stack(0x0000007f98200000,0x0000007f98300000) (1024K)]
  0x000001fb9309ceb0 JavaThread "C2 CompilerThread0"         daemon [_thread_blocked, id=11056, stack(0x0000007f98300000,0x0000007f98400000) (1024K)]
  0x000001fb9309d960 JavaThread "C1 CompilerThread0"         daemon [_thread_blocked, id=27504, stack(0x0000007f98400000,0x0000007f98500000) (1024K)]
  0x000001fb932405d0 JavaThread "Notification Thread"        daemon [_thread_blocked, id=11836, stack(0x0000007f98500000,0x0000007f98600000) (1024K)]
  0x000001fb932468c0 JavaThread "Common-Cleaner"             daemon [_thread_blocked, id=33748, stack(0x0000007f98600000,0x0000007f98700000) (1024K)]
Total: 11

Other Threads:
  0x000001fb93018be0 VMThread "VM Thread"                           [id=18684, stack(0x0000007f97c00000,0x0000007f97d00000) (1024K)]
  0x000001fbfde1fac0 WatcherThread "VM Periodic Task Thread"        [id=29480, stack(0x0000007f97b00000,0x0000007f97c00000) (1024K)]
  0x000001fbed8f54f0 WorkerThread "GC Thread#0"                     [id=25252, stack(0x0000007f97600000,0x0000007f97700000) (1024K)]
  0x000001fbed909a70 ConcurrentGCThread "G1 Main Marker"            [id=20804, stack(0x0000007f97700000,0x0000007f97800000) (1024K)]
  0x000001fbed90a580 WorkerThread "G1 Conc#0"                       [id=2428, stack(0x0000007f97800000,0x0000007f97900000) (1024K)]
  0x000001fbfdcf6220 ConcurrentGCThread "G1 Refine#0"               [id=34624, stack(0x0000007f97900000,0x0000007f97a00000) (1024K)]
  0x000001fbfdcf78c0 ConcurrentGCThread "G1 Service"                [id=29544, stack(0x0000007f97a00000,0x0000007f97b00000) (1024K)]
Total: 7

Threads with active compile tasks:
Total: 0

VM state: not at safepoint (normal execution)

VM Mutex/Monitor currently owned by a thread:  ([mutex/lock_event])
[0x00007ffa380b1890] Metaspace_lock - owner thread: 0x000001fbed88f640

Heap address: 0x000000070a000000, size: 3936 MB, Compressed Oops mode: Zero based, Oop shift amount: 3

CDS archive(s) not mapped
Compressed class space mapped at: 0x000000002a000000-0x000000006a000000, reserved size: 1073741824
Narrow klass base: 0x0000000000000000, Narrow klass shift: 0, Narrow klass range: 0x6a000000

GC Precious Log:
 CardTable entry size: 512
 Card Set container configuration: InlinePtr #cards 4 size 8 Array Of Cards #cards 16 size 48 Howl #buckets 8 coarsen threshold 3686 Howl Bitmap #cards 512 size 80 coarsen threshold 460 Card regions per heap region 1 cards per card region 4096
 CPUs: 12 total, 12 available
 Memory: 15741M
 Large Page Support: Disabled
 NUMA Support: Disabled
 Compressed Oops: Enabled (Zero based)
 Heap Region Size: 2M
 Heap Min Capacity: 8M
 Heap Initial Capacity: 246M
 Heap Max Capacity: 3936M
 Pre-touch: Disabled
 Parallel Workers: 10
 Concurrent Workers: 3
 Concurrent Refinement Workers: 10
 Periodic GC: Disabled

Heap:
 garbage-first heap   total reserved 4030464K, committed 251904K, used 0K [0x000000070a000000, 0x0000000800000000)
  region size 2048K, 1 young (2048K), 0 survivors (0K)
 Metaspace       used 4748K, committed 4800K, reserved 1114112K
  class space    used 396K, committed 448K, reserved 1048576K

Heap Regions: E=young(eden), S=young(survivor), O=old, HS=humongous(starts), HC=humongous(continues), CS=collection set, F=free, TAMS=top-at-mark-start, PB=parsable bottom
|   0|0x000000070a000000, 0x000000070a000000, 0x000000070a200000|  0%| F|  |TAMS 0x000000070a000000| PB 0x000000070a000000| Untracked |  0
|   1|0x000000070a200000, 0x000000070a200000, 0x000000070a400000|  0%| F|  |TAMS 0x000000070a200000| PB 0x000000070a200000| Untracked |  0
|   2|0x000000070a400000, 0x000000070a400000, 0x000000070a600000|  0%| F|  |TAMS 0x000000070a400000| PB 0x000000070a400000| Untracked |  0
|   3|0x000000070a600000, 0x000000070a600000, 0x000000070a800000|  0%| F|  |TAMS 0x000000070a600000| PB 0x000000070a600000| Untracked |  0
|   4|0x000000070a800000, 0x000000070a800000, 0x000000070aa00000|  0%| F|  |TAMS 0x000000070a800000| PB 0x000000070a800000| Untracked |  0
|   5|0x000000070aa00000, 0x000000070aa00000, 0x000000070ac00000|  0%| F|  |TAMS 0x000000070aa00000| PB 0x000000070aa00000| Untracked |  0
|   6|0x000000070ac00000, 0x000000070ac00000, 0x000000070ae00000|  0%| F|  |TAMS 0x000000070ac00000| PB 0x000000070ac00000| Untracked |  0
|   7|0x000000070ae00000, 0x000000070ae00000, 0x000000070b000000|  0%| F|  |TAMS 0x000000070ae00000| PB 0x000000070ae00000| Untracked |  0
|   8|0x000000070b000000, 0x000000070b000000, 0x000000070b200000|  0%| F|  |TAMS 0x000000070b000000| PB 0x000000070b000000| Untracked |  0
|   9|0x000000070b200000, 0x000000070b200000, 0x000000070b400000|  0%| F|  |TAMS 0x000000070b200000| PB 0x000000070b200000| Untracked |  0
|  10|0x000000070b400000, 0x000000070b400000, 0x000000070b600000|  0%| F|  |TAMS 0x000000070b400000| PB 0x000000070b400000| Untracked |  0
|  11|0x000000070b600000, 0x000000070b600000, 0x000000070b800000|  0%| F|  |TAMS 0x000000070b600000| PB 0x000000070b600000| Untracked |  0
|  12|0x000000070b800000, 0x000000070b800000, 0x000000070ba00000|  0%| F|  |TAMS 0x000000070b800000| PB 0x000000070b800000| Untracked |  0
|  13|0x000000070ba00000, 0x000000070ba00000, 0x000000070bc00000|  0%| F|  |TAMS 0x000000070ba00000| PB 0x000000070ba00000| Untracked |  0
|  14|0x000000070bc00000, 0x000000070bc00000, 0x000000070be00000|  0%| F|  |TAMS 0x000000070bc00000| PB 0x000000070bc00000| Untracked |  0
|  15|0x000000070be00000, 0x000000070be00000, 0x000000070c000000|  0%| F|  |TAMS 0x000000070be00000| PB 0x000000070be00000| Untracked |  0
|  16|0x000000070c000000, 0x000000070c000000, 0x000000070c200000|  0%| F|  |TAMS 0x000000070c000000| PB 0x000000070c000000| Untracked |  0
|  17|0x000000070c200000, 0x000000070c200000, 0x000000070c400000|  0%| F|  |TAMS 0x000000070c200000| PB 0x000000070c200000| Untracked |  0
|  18|0x000000070c400000, 0x000000070c400000, 0x000000070c600000|  0%| F|  |TAMS 0x000000070c400000| PB 0x000000070c400000| Untracked |  0
|  19|0x000000070c600000, 0x000000070c600000, 0x000000070c800000|  0%| F|  |TAMS 0x000000070c600000| PB 0x000000070c600000| Untracked |  0
|  20|0x000000070c800000, 0x000000070c800000, 0x000000070ca00000|  0%| F|  |TAMS 0x000000070c800000| PB 0x000000070c800000| Untracked |  0
|  21|0x000000070ca00000, 0x000000070ca00000, 0x000000070cc00000|  0%| F|  |TAMS 0x000000070ca00000| PB 0x000000070ca00000| Untracked |  0
|  22|0x000000070cc00000, 0x000000070cc00000, 0x000000070ce00000|  0%| F|  |TAMS 0x000000070cc00000| PB 0x000000070cc00000| Untracked |  0
|  23|0x000000070ce00000, 0x000000070ce00000, 0x000000070d000000|  0%| F|  |TAMS 0x000000070ce00000| PB 0x000000070ce00000| Untracked |  0
|  24|0x000000070d000000, 0x000000070d000000, 0x000000070d200000|  0%| F|  |TAMS 0x000000070d000000| PB 0x000000070d000000| Untracked |  0
|  25|0x000000070d200000, 0x000000070d200000, 0x000000070d400000|  0%| F|  |TAMS 0x000000070d200000| PB 0x000000070d200000| Untracked |  0
|  26|0x000000070d400000, 0x000000070d400000, 0x000000070d600000|  0%| F|  |TAMS 0x000000070d400000| PB 0x000000070d400000| Untracked |  0
|  27|0x000000070d600000, 0x000000070d600000, 0x000000070d800000|  0%| F|  |TAMS 0x000000070d600000| PB 0x000000070d600000| Untracked |  0
|  28|0x000000070d800000, 0x000000070d800000, 0x000000070da00000|  0%| F|  |TAMS 0x000000070d800000| PB 0x000000070d800000| Untracked |  0
|  29|0x000000070da00000, 0x000000070da00000, 0x000000070dc00000|  0%| F|  |TAMS 0x000000070da00000| PB 0x000000070da00000| Untracked |  0
|  30|0x000000070dc00000, 0x000000070dc00000, 0x000000070de00000|  0%| F|  |TAMS 0x000000070dc00000| PB 0x000000070dc00000| Untracked |  0
|  31|0x000000070de00000, 0x000000070de00000, 0x000000070e000000|  0%| F|  |TAMS 0x000000070de00000| PB 0x000000070de00000| Untracked |  0
|  32|0x000000070e000000, 0x000000070e000000, 0x000000070e200000|  0%| F|  |TAMS 0x000000070e000000| PB 0x000000070e000000| Untracked |  0
|  33|0x000000070e200000, 0x000000070e200000, 0x000000070e400000|  0%| F|  |TAMS 0x000000070e200000| PB 0x000000070e200000| Untracked |  0
|  34|0x000000070e400000, 0x000000070e400000, 0x000000070e600000|  0%| F|  |TAMS 0x000000070e400000| PB 0x000000070e400000| Untracked |  0
|  35|0x000000070e600000, 0x000000070e600000, 0x000000070e800000|  0%| F|  |TAMS 0x000000070e600000| PB 0x000000070e600000| Untracked |  0
|  36|0x000000070e800000, 0x000000070e800000, 0x000000070ea00000|  0%| F|  |TAMS 0x000000070e800000| PB 0x000000070e800000| Untracked |  0
|  37|0x000000070ea00000, 0x000000070ea00000, 0x000000070ec00000|  0%| F|  |TAMS 0x000000070ea00000| PB 0x000000070ea00000| Untracked |  0
|  38|0x000000070ec00000, 0x000000070ec00000, 0x000000070ee00000|  0%| F|  |TAMS 0x000000070ec00000| PB 0x000000070ec00000| Untracked |  0
|  39|0x000000070ee00000, 0x000000070ee00000, 0x000000070f000000|  0%| F|  |TAMS 0x000000070ee00000| PB 0x000000070ee00000| Untracked |  0
|  40|0x000000070f000000, 0x000000070f000000, 0x000000070f200000|  0%| F|  |TAMS 0x000000070f000000| PB 0x000000070f000000| Untracked |  0
|  41|0x000000070f200000, 0x000000070f200000, 0x000000070f400000|  0%| F|  |TAMS 0x000000070f200000| PB 0x000000070f200000| Untracked |  0
|  42|0x000000070f400000, 0x000000070f400000, 0x000000070f600000|  0%| F|  |TAMS 0x000000070f400000| PB 0x000000070f400000| Untracked |  0
|  43|0x000000070f600000, 0x000000070f600000, 0x000000070f800000|  0%| F|  |TAMS 0x000000070f600000| PB 0x000000070f600000| Untracked |  0
|  44|0x000000070f800000, 0x000000070f800000, 0x000000070fa00000|  0%| F|  |TAMS 0x000000070f800000| PB 0x000000070f800000| Untracked |  0
|  45|0x000000070fa00000, 0x000000070fa00000, 0x000000070fc00000|  0%| F|  |TAMS 0x000000070fa00000| PB 0x000000070fa00000| Untracked |  0
|  46|0x000000070fc00000, 0x000000070fc00000, 0x000000070fe00000|  0%| F|  |TAMS 0x000000070fc00000| PB 0x000000070fc00000| Untracked |  0
|  47|0x000000070fe00000, 0x000000070fe00000, 0x0000000710000000|  0%| F|  |TAMS 0x000000070fe00000| PB 0x000000070fe00000| Untracked |  0
|  48|0x0000000710000000, 0x0000000710000000, 0x0000000710200000|  0%| F|  |TAMS 0x0000000710000000| PB 0x0000000710000000| Untracked |  0
|  49|0x0000000710200000, 0x0000000710200000, 0x0000000710400000|  0%| F|  |TAMS 0x0000000710200000| PB 0x0000000710200000| Untracked |  0
|  50|0x0000000710400000, 0x0000000710400000, 0x0000000710600000|  0%| F|  |TAMS 0x0000000710400000| PB 0x0000000710400000| Untracked |  0
|  51|0x0000000710600000, 0x0000000710600000, 0x0000000710800000|  0%| F|  |TAMS 0x0000000710600000| PB 0x0000000710600000| Untracked |  0
|  52|0x0000000710800000, 0x0000000710800000, 0x0000000710a00000|  0%| F|  |TAMS 0x0000000710800000| PB 0x0000000710800000| Untracked |  0
|  53|0x0000000710a00000, 0x0000000710a00000, 0x0000000710c00000|  0%| F|  |TAMS 0x0000000710a00000| PB 0x0000000710a00000| Untracked |  0
|  54|0x0000000710c00000, 0x0000000710c00000, 0x0000000710e00000|  0%| F|  |TAMS 0x0000000710c00000| PB 0x0000000710c00000| Untracked |  0
|  55|0x0000000710e00000, 0x0000000710e00000, 0x0000000711000000|  0%| F|  |TAMS 0x0000000710e00000| PB 0x0000000710e00000| Untracked |  0
|  56|0x0000000711000000, 0x0000000711000000, 0x0000000711200000|  0%| F|  |TAMS 0x0000000711000000| PB 0x0000000711000000| Untracked |  0
|  57|0x0000000711200000, 0x0000000711200000, 0x0000000711400000|  0%| F|  |TAMS 0x0000000711200000| PB 0x0000000711200000| Untracked |  0
|  58|0x0000000711400000, 0x0000000711400000, 0x0000000711600000|  0%| F|  |TAMS 0x0000000711400000| PB 0x0000000711400000| Untracked |  0
|  59|0x0000000711600000, 0x0000000711600000, 0x0000000711800000|  0%| F|  |TAMS 0x0000000711600000| PB 0x0000000711600000| Untracked |  0
|  60|0x0000000711800000, 0x0000000711800000, 0x0000000711a00000|  0%| F|  |TAMS 0x0000000711800000| PB 0x0000000711800000| Untracked |  0
|  61|0x0000000711a00000, 0x0000000711a00000, 0x0000000711c00000|  0%| F|  |TAMS 0x0000000711a00000| PB 0x0000000711a00000| Untracked |  0
|  62|0x0000000711c00000, 0x0000000711c00000, 0x0000000711e00000|  0%| F|  |TAMS 0x0000000711c00000| PB 0x0000000711c00000| Untracked |  0
|  63|0x0000000711e00000, 0x0000000711e00000, 0x0000000712000000|  0%| F|  |TAMS 0x0000000711e00000| PB 0x0000000711e00000| Untracked |  0
|  64|0x0000000712000000, 0x0000000712000000, 0x0000000712200000|  0%| F|  |TAMS 0x0000000712000000| PB 0x0000000712000000| Untracked |  0
|  65|0x0000000712200000, 0x0000000712200000, 0x0000000712400000|  0%| F|  |TAMS 0x0000000712200000| PB 0x0000000712200000| Untracked |  0
|  66|0x0000000712400000, 0x0000000712400000, 0x0000000712600000|  0%| F|  |TAMS 0x0000000712400000| PB 0x0000000712400000| Untracked |  0
|  67|0x0000000712600000, 0x0000000712600000, 0x0000000712800000|  0%| F|  |TAMS 0x0000000712600000| PB 0x0000000712600000| Untracked |  0
|  68|0x0000000712800000, 0x0000000712800000, 0x0000000712a00000|  0%| F|  |TAMS 0x0000000712800000| PB 0x0000000712800000| Untracked |  0
|  69|0x0000000712a00000, 0x0000000712a00000, 0x0000000712c00000|  0%| F|  |TAMS 0x0000000712a00000| PB 0x0000000712a00000| Untracked |  0
|  70|0x0000000712c00000, 0x0000000712c00000, 0x0000000712e00000|  0%| F|  |TAMS 0x0000000712c00000| PB 0x0000000712c00000| Untracked |  0
|  71|0x0000000712e00000, 0x0000000712e00000, 0x0000000713000000|  0%| F|  |TAMS 0x0000000712e00000| PB 0x0000000712e00000| Untracked |  0
|  72|0x0000000713000000, 0x0000000713000000, 0x0000000713200000|  0%| F|  |TAMS 0x0000000713000000| PB 0x0000000713000000| Untracked |  0
|  73|0x0000000713200000, 0x0000000713200000, 0x0000000713400000|  0%| F|  |TAMS 0x0000000713200000| PB 0x0000000713200000| Untracked |  0
|  74|0x0000000713400000, 0x0000000713400000, 0x0000000713600000|  0%| F|  |TAMS 0x0000000713400000| PB 0x0000000713400000| Untracked |  0
|  75|0x0000000713600000, 0x0000000713600000, 0x0000000713800000|  0%| F|  |TAMS 0x0000000713600000| PB 0x0000000713600000| Untracked |  0
|  76|0x0000000713800000, 0x0000000713800000, 0x0000000713a00000|  0%| F|  |TAMS 0x0000000713800000| PB 0x0000000713800000| Untracked |  0
|  77|0x0000000713a00000, 0x0000000713a00000, 0x0000000713c00000|  0%| F|  |TAMS 0x0000000713a00000| PB 0x0000000713a00000| Untracked |  0
|  78|0x0000000713c00000, 0x0000000713c00000, 0x0000000713e00000|  0%| F|  |TAMS 0x0000000713c00000| PB 0x0000000713c00000| Untracked |  0
|  79|0x0000000713e00000, 0x0000000713e00000, 0x0000000714000000|  0%| F|  |TAMS 0x0000000713e00000| PB 0x0000000713e00000| Untracked |  0
|  80|0x0000000714000000, 0x0000000714000000, 0x0000000714200000|  0%| F|  |TAMS 0x0000000714000000| PB 0x0000000714000000| Untracked |  0
|  81|0x0000000714200000, 0x0000000714200000, 0x0000000714400000|  0%| F|  |TAMS 0x0000000714200000| PB 0x0000000714200000| Untracked |  0
|  82|0x0000000714400000, 0x0000000714400000, 0x0000000714600000|  0%| F|  |TAMS 0x0000000714400000| PB 0x0000000714400000| Untracked |  0
|  83|0x0000000714600000, 0x0000000714600000, 0x0000000714800000|  0%| F|  |TAMS 0x0000000714600000| PB 0x0000000714600000| Untracked |  0
|  84|0x0000000714800000, 0x0000000714800000, 0x0000000714a00000|  0%| F|  |TAMS 0x0000000714800000| PB 0x0000000714800000| Untracked |  0
|  85|0x0000000714a00000, 0x0000000714a00000, 0x0000000714c00000|  0%| F|  |TAMS 0x0000000714a00000| PB 0x0000000714a00000| Untracked |  0
|  86|0x0000000714c00000, 0x0000000714c00000, 0x0000000714e00000|  0%| F|  |TAMS 0x0000000714c00000| PB 0x0000000714c00000| Untracked |  0
|  87|0x0000000714e00000, 0x0000000714e00000, 0x0000000715000000|  0%| F|  |TAMS 0x0000000714e00000| PB 0x0000000714e00000| Untracked |  0
|  88|0x0000000715000000, 0x0000000715000000, 0x0000000715200000|  0%| F|  |TAMS 0x0000000715000000| PB 0x0000000715000000| Untracked |  0
|  89|0x0000000715200000, 0x0000000715200000, 0x0000000715400000|  0%| F|  |TAMS 0x0000000715200000| PB 0x0000000715200000| Untracked |  0
|  90|0x0000000715400000, 0x0000000715400000, 0x0000000715600000|  0%| F|  |TAMS 0x0000000715400000| PB 0x0000000715400000| Untracked |  0
|  91|0x0000000715600000, 0x0000000715600000, 0x0000000715800000|  0%| F|  |TAMS 0x0000000715600000| PB 0x0000000715600000| Untracked |  0
|  92|0x0000000715800000, 0x0000000715800000, 0x0000000715a00000|  0%| F|  |TAMS 0x0000000715800000| PB 0x0000000715800000| Untracked |  0
|  93|0x0000000715a00000, 0x0000000715a00000, 0x0000000715c00000|  0%| F|  |TAMS 0x0000000715a00000| PB 0x0000000715a00000| Untracked |  0
|  94|0x0000000715c00000, 0x0000000715c00000, 0x0000000715e00000|  0%| F|  |TAMS 0x0000000715c00000| PB 0x0000000715c00000| Untracked |  0
|  95|0x0000000715e00000, 0x0000000715e00000, 0x0000000716000000|  0%| F|  |TAMS 0x0000000715e00000| PB 0x0000000715e00000| Untracked |  0
|  96|0x0000000716000000, 0x0000000716000000, 0x0000000716200000|  0%| F|  |TAMS 0x0000000716000000| PB 0x0000000716000000| Untracked |  0
|  97|0x0000000716200000, 0x0000000716200000, 0x0000000716400000|  0%| F|  |TAMS 0x0000000716200000| PB 0x0000000716200000| Untracked |  0
|  98|0x0000000716400000, 0x0000000716400000, 0x0000000716600000|  0%| F|  |TAMS 0x0000000716400000| PB 0x0000000716400000| Untracked |  0
|  99|0x0000000716600000, 0x0000000716600000, 0x0000000716800000|  0%| F|  |TAMS 0x0000000716600000| PB 0x0000000716600000| Untracked |  0
| 100|0x0000000716800000, 0x0000000716800000, 0x0000000716a00000|  0%| F|  |TAMS 0x0000000716800000| PB 0x0000000716800000| Untracked |  0
| 101|0x0000000716a00000, 0x0000000716a00000, 0x0000000716c00000|  0%| F|  |TAMS 0x0000000716a00000| PB 0x0000000716a00000| Untracked |  0
| 102|0x0000000716c00000, 0x0000000716c00000, 0x0000000716e00000|  0%| F|  |TAMS 0x0000000716c00000| PB 0x0000000716c00000| Untracked |  0
| 103|0x0000000716e00000, 0x0000000716e00000, 0x0000000717000000|  0%| F|  |TAMS 0x0000000716e00000| PB 0x0000000716e00000| Untracked |  0
| 104|0x0000000717000000, 0x0000000717000000, 0x0000000717200000|  0%| F|  |TAMS 0x0000000717000000| PB 0x0000000717000000| Untracked |  0
| 105|0x0000000717200000, 0x0000000717200000, 0x0000000717400000|  0%| F|  |TAMS 0x0000000717200000| PB 0x0000000717200000| Untracked |  0
| 106|0x0000000717400000, 0x0000000717400000, 0x0000000717600000|  0%| F|  |TAMS 0x0000000717400000| PB 0x0000000717400000| Untracked |  0
| 107|0x0000000717600000, 0x0000000717600000, 0x0000000717800000|  0%| F|  |TAMS 0x0000000717600000| PB 0x0000000717600000| Untracked |  0
| 108|0x0000000717800000, 0x0000000717800000, 0x0000000717a00000|  0%| F|  |TAMS 0x0000000717800000| PB 0x0000000717800000| Untracked |  0
| 109|0x0000000717a00000, 0x0000000717a00000, 0x0000000717c00000|  0%| F|  |TAMS 0x0000000717a00000| PB 0x0000000717a00000| Untracked |  0
| 110|0x0000000717c00000, 0x0000000717c00000, 0x0000000717e00000|  0%| F|  |TAMS 0x0000000717c00000| PB 0x0000000717c00000| Untracked |  0
| 111|0x0000000717e00000, 0x0000000717e00000, 0x0000000718000000|  0%| F|  |TAMS 0x0000000717e00000| PB 0x0000000717e00000| Untracked |  0
| 112|0x0000000718000000, 0x0000000718000000, 0x0000000718200000|  0%| F|  |TAMS 0x0000000718000000| PB 0x0000000718000000| Untracked |  0
| 113|0x0000000718200000, 0x0000000718200000, 0x0000000718400000|  0%| F|  |TAMS 0x0000000718200000| PB 0x0000000718200000| Untracked |  0
| 114|0x0000000718400000, 0x0000000718400000, 0x0000000718600000|  0%| F|  |TAMS 0x0000000718400000| PB 0x0000000718400000| Untracked |  0
| 115|0x0000000718600000, 0x0000000718600000, 0x0000000718800000|  0%| F|  |TAMS 0x0000000718600000| PB 0x0000000718600000| Untracked |  0
| 116|0x0000000718800000, 0x0000000718800000, 0x0000000718a00000|  0%| F|  |TAMS 0x0000000718800000| PB 0x0000000718800000| Untracked |  0
| 117|0x0000000718a00000, 0x0000000718a00000, 0x0000000718c00000|  0%| F|  |TAMS 0x0000000718a00000| PB 0x0000000718a00000| Untracked |  0
| 118|0x0000000718c00000, 0x0000000718c00000, 0x0000000718e00000|  0%| F|  |TAMS 0x0000000718c00000| PB 0x0000000718c00000| Untracked |  0
| 119|0x0000000718e00000, 0x0000000718e00000, 0x0000000719000000|  0%| F|  |TAMS 0x0000000718e00000| PB 0x0000000718e00000| Untracked |  0
| 120|0x0000000719000000, 0x0000000719000000, 0x0000000719200000|  0%| F|  |TAMS 0x0000000719000000| PB 0x0000000719000000| Untracked |  0
| 121|0x0000000719200000, 0x0000000719200000, 0x0000000719400000|  0%| F|  |TAMS 0x0000000719200000| PB 0x0000000719200000| Untracked |  0
| 122|0x0000000719400000, 0x0000000719600000, 0x0000000719600000|100%| E|  |TAMS 0x0000000719400000| PB 0x0000000719400000| Complete |  0

Card table byte_map: [0x000001fbf6cc0000,0x000001fbf7470000] _byte_map_base: 0x000001fbf3470000

Marking Bits: (CMBitMap*) 0x000001fbed8f5c00
 Bits: [0x000001fbf7470000, 0x000001fbfb1f0000)

Polling page: 0x000001fbeb700000

Metaspace:

Usage:
  Non-class:      4.25 MB used.
      Class:    396.84 KB used.
       Both:      4.64 MB used.

Virtual space:
  Non-class space:       64.00 MB reserved,       4.25 MB (  7%) committed,  1 nodes.
      Class space:        1.00 GB reserved,     448.00 KB ( <1%) committed,  1 nodes.
             Both:        1.06 GB reserved,       4.69 MB ( <1%) committed. 

Chunk freelists:
   Non-Class:  11.00 MB
       Class:  15.56 MB
        Both:  26.56 MB

MaxMetaspaceSize: unlimited
CompressedClassSpaceSize: 1.00 GB
Initial GC threshold: 21.00 MB
Current GC threshold: 21.00 MB
CDS: off
 - commit_granule_bytes: 65536.
 - commit_granule_words: 8192.
 - virtual_space_node_default_size: 8388608.
 - enlarge_chunks_in_place: 1.
 - use_allocation_guard: 0.


Internal statistics:

num_allocs_failed_limit: 0.
num_arena_births: 2.
num_arena_deaths: 0.
num_vsnodes_births: 2.
num_vsnodes_deaths: 0.
num_space_committed: 75.
num_space_uncommitted: 0.
num_chunks_returned_to_freelist: 0.
num_chunks_taken_from_freelist: 6.
num_chunk_merges: 0.
num_chunk_splits: 3.
num_chunks_enlarged: 0.
num_inconsistent_stats: 0.

CodeHeap 'non-profiled nmethods': size=120064Kb used=19Kb max_used=19Kb free=120045Kb
 bounds [0x000001fb87ac0000, 0x000001fb87d30000, 0x000001fb8f000000]
CodeHeap 'profiled nmethods': size=120000Kb used=73Kb max_used=73Kb free=119926Kb
 bounds [0x000001fb80000000, 0x000001fb80270000, 0x000001fb87530000]
CodeHeap 'non-nmethods': size=5696Kb used=1193Kb max_used=1193Kb free=4503Kb
 bounds [0x000001fb87530000, 0x000001fb877a0000, 0x000001fb87ac0000]
CodeCache: size=245760Kb, used=1285Kb, max_used=1285Kb, free=244474Kb
 total_blobs=408, nmethods=81, adapters=233, full_count=0
Compilation: enabled, stopped_count=0, restarted_count=0

Compilation events (20 events):
Event: 0.225 Thread 0x000001fb9309d960   72       3       java.lang.AbstractStringBuilder::ensureCapacityInternal (39 bytes)
Event: 0.225 Thread 0x000001fb9309d960 nmethod 72 0x000001fb80010608 code [0x000001fb80010740, 0x000001fb80010970]
Event: 0.225 Thread 0x000001fb9309d960   73       3       java.lang.AbstractStringBuilder::isLatin1 (19 bytes)
Event: 0.226 Thread 0x000001fb9309d960 nmethod 73 0x000001fb80010988 code [0x000001fb80010aa0, 0x000001fb80010c10]
Event: 0.227 Thread 0x000001fb9309d960   74       3       java.lang.StringLatin1::canEncode (13 bytes)
Event: 0.228 Thread 0x000001fb9309d960 nmethod 74 0x000001fb80010c88 code [0x000001fb80010da0, 0x000001fb80010ee0]
Event: 0.228 Thread 0x000001fb9309d960   75       3       java.lang.StringBuilder::append (8 bytes)
Event: 0.228 Thread 0x000001fb9309d960 nmethod 75 0x000001fb80010f88 code [0x000001fb800110a0, 0x000001fb800111f0]
Event: 0.239 Thread 0x000001fb9309d960   76       3       java.lang.StringLatin1::indexOfChar (33 bytes)
Event: 0.240 Thread 0x000001fb9309d960 nmethod 76 0x000001fb80011288 code [0x000001fb800113c0, 0x000001fb800115d8]
Event: 0.242 Thread 0x000001fb9309d960   77       3       java.lang.String::isEmpty (14 bytes)
Event: 0.243 Thread 0x000001fb9309d960 nmethod 77 0x000001fb80011608 code [0x000001fb80011720, 0x000001fb80011888]
Event: 0.246 Thread 0x000001fb9309d960   78       3       java.lang.StringLatin1::canEncode (17 bytes)
Event: 0.247 Thread 0x000001fb9309d960 nmethod 78 0x000001fb80011908 code [0x000001fb80011a20, 0x000001fb80011b88]
Event: 0.247 Thread 0x000001fb9309d960   79       3       java.lang.StringLatin1::indexOf (17 bytes)
Event: 0.247 Thread 0x000001fb9309d960 nmethod 79 0x000001fb80011c08 code [0x000001fb80011d40, 0x000001fb800120b0]
Event: 0.256 Thread 0x000001fb9309d960   80       3       java.util.concurrent.ConcurrentHashMap::spread (10 bytes)
Event: 0.256 Thread 0x000001fb9309d960 nmethod 80 0x000001fb80012108 code [0x000001fb80012220, 0x000001fb80012318]
Event: 0.262 Thread 0x000001fb9309d960   81       3       java.util.zip.ZipUtils::SH (21 bytes)
Event: 0.263 Thread 0x000001fb9309d960 nmethod 81 0x000001fb80012408 code [0x000001fb80012520, 0x000001fb80012668]

GC Heap History (0 events):
No events

Dll operation events (4 events):
Event: 0.019 Loaded shared library C:\Program Files\Java\jdk-23.0.1\bin\java.dll
Event: 0.164 Loaded shared library C:\Program Files\Java\jdk-23.0.1\bin\jsvml.dll
Event: 0.251 Loaded shared library C:\Program Files\Java\jdk-23.0.1\bin\net.dll
Event: 0.255 Loaded shared library C:\Program Files\Java\jdk-23.0.1\bin\nio.dll

Deoptimization events (0 events):
No events

Classes loaded (20 events):
Event: 0.258 Loading class sun/nio/fs/WindowsNativeDispatcher$CompletionStatus done
Event: 0.258 Loading class java/io/RandomAccessFile
Event: 0.259 Loading class java/io/DataOutput
Event: 0.259 Loading class java/io/DataOutput done
Event: 0.259 Loading class java/io/DataInput
Event: 0.259 Loading class java/io/DataInput done
Event: 0.259 Loading class java/io/RandomAccessFile done
Event: 0.259 Loading class java/io/RandomAccessFile$2
Event: 0.259 Loading class jdk/internal/access/JavaIORandomAccessFileAccess
Event: 0.259 Loading class jdk/internal/access/JavaIORandomAccessFileAccess done
Event: 0.259 Loading class java/io/RandomAccessFile$2 done
Event: 0.260 Loading class java/io/FileCleanable
Event: 0.260 Loading class java/io/FileCleanable done
Event: 0.261 Loading class java/util/zip/ZipFile$Source$End
Event: 0.261 Loading class java/util/zip/ZipFile$Source$End done
Event: 0.261 Loading class java/util/zip/ZipUtils
Event: 0.262 Loading class java/util/zip/ZipUtils done
Event: 0.263 Loading class java/nio/file/attribute/FileTime
Event: 0.263 Loading class java/nio/file/attribute/FileTime done
Event: 0.263 Loading class java/util/Locale

Classes unloaded (0 events):
No events

Classes redefined (0 events):
No events

Internal exceptions (0 events):
No events

VM Operations (0 events):
No events

Memory protections (0 events):
No events

Nmethod flushes (0 events):
No events

Events (11 events):
Event: 0.028 Thread 0x000001fbed88f640 Thread added: 0x000001fbed88f640
Event: 0.154 Thread 0x000001fbed88f640 Thread added: 0x000001fb93092800
Event: 0.154 Thread 0x000001fbed88f640 Thread added: 0x000001fb9307abe0
Event: 0.156 Thread 0x000001fbed88f640 Thread added: 0x000001fb93085c00
Event: 0.157 Thread 0x000001fbed88f640 Thread added: 0x000001fb93086660
Event: 0.157 Thread 0x000001fbed88f640 Thread added: 0x000001fb930847c0
Event: 0.157 Thread 0x000001fbed88f640 Thread added: 0x000001fb930870c0
Event: 0.157 Thread 0x000001fbed88f640 Thread added: 0x000001fb9309ceb0
Event: 0.157 Thread 0x000001fbed88f640 Thread added: 0x000001fb9309d960
Event: 0.215 Thread 0x000001fbed88f640 Thread added: 0x000001fb932405d0
Event: 0.232 Thread 0x000001fbed88f640 Thread added: 0x000001fb932468c0


Dynamic libraries:
0x00007ff7231c0000 - 0x00007ff7231d0000 	C:\Program Files\Java\jdk-23.0.1\bin\java.exe
0x00007ffb1adf0000 - 0x00007ffb1b007000 	C:\WINDOWS\SYSTEM32\ntdll.dll
0x00007ffb19720000 - 0x00007ffb197e4000 	C:\WINDOWS\System32\KERNEL32.DLL
0x00007ffb180c0000 - 0x00007ffb1847a000 	C:\WINDOWS\System32\KERNELBASE.dll
0x00007ffb186f0000 - 0x00007ffb18801000 	C:\WINDOWS\System32\ucrtbase.dll
0x00007ffa9c2e0000 - 0x00007ffa9c2fb000 	C:\Program Files\Java\jdk-23.0.1\bin\VCRUNTIME140.dll
0x00007ffa9c3d0000 - 0x00007ffa9c3e7000 	C:\Program Files\Java\jdk-23.0.1\bin\jli.dll
0x00007ffb1a870000 - 0x00007ffb1aa1e000 	C:\WINDOWS\System32\USER32.dll
0x00007ffb10eb0000 - 0x00007ffb11142000 	C:\WINDOWS\WinSxS\amd64_microsoft.windows.common-controls_6595b64144ccf1df_6.0.22621.4541_none_2710d1c57384c085\COMCTL32.dll
0x00007ffb185a0000 - 0x00007ffb185c6000 	C:\WINDOWS\System32\win32u.dll
0x00007ffb1a150000 - 0x00007ffb1a1f7000 	C:\WINDOWS\System32\msvcrt.dll
0x00007ffb1a370000 - 0x00007ffb1a399000 	C:\WINDOWS\System32\GDI32.dll
0x00007ffb18480000 - 0x00007ffb1859b000 	C:\WINDOWS\System32\gdi32full.dll
0x00007ffb185d0000 - 0x00007ffb1866a000 	C:\WINDOWS\System32\msvcp_win.dll
0x00007ffb1a070000 - 0x00007ffb1a0a1000 	C:\WINDOWS\System32\IMM32.DLL
0x00007ffabd2c0000 - 0x00007ffabd2cc000 	C:\Program Files\Java\jdk-23.0.1\bin\vcruntime140_1.dll
0x00007ffa38190000 - 0x00007ffa3821e000 	C:\Program Files\Java\jdk-23.0.1\bin\msvcp140.dll
0x00007ffa37440000 - 0x00007ffa3818f000 	C:\Program Files\Java\jdk-23.0.1\bin\server\jvm.dll
0x00007ffb194c0000 - 0x00007ffb19572000 	C:\WINDOWS\System32\ADVAPI32.dll
0x00007ffb195e0000 - 0x00007ffb19687000 	C:\WINDOWS\System32\sechost.dll
0x00007ffb18950000 - 0x00007ffb18978000 	C:\WINDOWS\System32\bcrypt.dll
0x00007ffb1a650000 - 0x00007ffb1a764000 	C:\WINDOWS\System32\RPCRT4.dll
0x00007ffb1a3a0000 - 0x00007ffb1a411000 	C:\WINDOWS\System32\WS2_32.dll
0x00007ffb17ee0000 - 0x00007ffb17f2d000 	C:\WINDOWS\SYSTEM32\POWRPROF.dll
0x00007ffb0f4a0000 - 0x00007ffb0f4aa000 	C:\WINDOWS\SYSTEM32\VERSION.dll
0x00007ffb149c0000 - 0x00007ffb149f4000 	C:\WINDOWS\SYSTEM32\WINMM.dll
0x00007ffb17dc0000 - 0x00007ffb17dd3000 	C:\WINDOWS\SYSTEM32\UMPDC.dll
0x00007ffb170d0000 - 0x00007ffb170e8000 	C:\WINDOWS\SYSTEM32\kernel.appcore.dll
0x00007ffabcf70000 - 0x00007ffabcf7a000 	C:\Program Files\Java\jdk-23.0.1\bin\jimage.dll
0x00007ffb154c0000 - 0x00007ffb156f2000 	C:\WINDOWS\SYSTEM32\DBGHELP.DLL
0x00007ffb1aa20000 - 0x00007ffb1adaf000 	C:\WINDOWS\System32\combase.dll
0x00007ffb193e0000 - 0x00007ffb194b7000 	C:\WINDOWS\System32\OLEAUT32.dll
0x00007ffafa500000 - 0x00007ffafa532000 	C:\WINDOWS\SYSTEM32\dbgcore.DLL
0x00007ffb188d0000 - 0x00007ffb1894b000 	C:\WINDOWS\System32\bcryptPrimitives.dll
0x00007ffa9a3f0000 - 0x00007ffa9a40e000 	C:\Program Files\Java\jdk-23.0.1\bin\java.dll
0x00007ffb1a420000 - 0x00007ffb1a5c5000 	C:\WINDOWS\System32\ole32.dll
0x00007ffb197f0000 - 0x00007ffb1a068000 	C:\WINDOWS\System32\SHELL32.dll
0x00007ffb15fb0000 - 0x00007ffb168b8000 	C:\WINDOWS\SYSTEM32\windows.storage.dll
0x00007ffb15e70000 - 0x00007ffb15faf000 	C:\WINDOWS\SYSTEM32\wintypes.dll
0x00007ffb1a270000 - 0x00007ffb1a36a000 	C:\WINDOWS\System32\SHCORE.dll
0x00007ffb19690000 - 0x00007ffb196ee000 	C:\WINDOWS\System32\shlwapi.dll
0x00007ffb17ff0000 - 0x00007ffb1801b000 	C:\WINDOWS\SYSTEM32\profapi.dll
0x00007ffa37360000 - 0x00007ffa37437000 	C:\Program Files\Java\jdk-23.0.1\bin\jsvml.dll
0x00007ffabb870000 - 0x00007ffabb880000 	C:\Program Files\Java\jdk-23.0.1\bin\net.dll
0x00007ffb17560000 - 0x00007ffb175c9000 	C:\WINDOWS\system32\mswsock.dll
0x00007ffa99780000 - 0x00007ffa99796000 	C:\Program Files\Java\jdk-23.0.1\bin\nio.dll

dbghelp: loaded successfully - version: 4.0.5 - missing functions: none
symbol engine: initialized successfully - sym options: 0x614 - pdb path: .;C:\Program Files\Java\jdk-23.0.1\bin;C:\WINDOWS\SYSTEM32;C:\WINDOWS\WinSxS\amd64_microsoft.windows.common-controls_6595b64144ccf1df_6.0.22621.4541_none_2710d1c57384c085;C:\Program Files\Java\jdk-23.0.1\bin\server

VM Arguments:
jvm_args: -Dclassworlds.conf=C:\Users\erica\.m2\wrapper\dists\apache-maven-3.9.9\977a63e90f436cd6ade95b4c0e10c20c\bin\m2.conf -Dmaven.home=C:\Users\erica\.m2\wrapper\dists\apache-maven-3.9.9\977a63e90f436cd6ade95b4c0e10c20c -Dlibrary.jansi.path=C:\Users\erica\.m2\wrapper\dists\apache-maven-3.9.9\977a63e90f436cd6ade95b4c0e10c20c\lib\jansi-native -Dmaven.multiModuleProjectDirectory=X:\PFI-DSS\simplex-service 
java_command: org.codehaus.plexus.classworlds.launcher.Launcher spring-boot:run
java_class_path (initial): C:\Users\erica\.m2\wrapper\dists\apache-maven-3.9.9\977a63e90f436cd6ade95b4c0e10c20c\boot\plexus-classworlds-2.8.0.jar
Launcher Type: SUN_STANDARD

[Global flags]
     intx CICompilerCount                          = 4                                         {product} {ergonomic}
     uint ConcGCThreads                            = 3                                         {product} {ergonomic}
     uint G1ConcRefinementThreads                  = 10                                        {product} {ergonomic}
   size_t G1HeapRegionSize                         = 2097152                                   {product} {ergonomic}
   size_t InitialHeapSize                          = 257949696                                 {product} {ergonomic}
   size_t MarkStackSize                            = 4194304                                   {product} {ergonomic}
   size_t MarkStackSizeMax                         = 536870912                                 {product} {ergonomic}
   size_t MaxHeapSize                              = 4127195136                                {product} {ergonomic}
   size_t MaxNewSize                               = 2474639360                                {product} {ergonomic}
   size_t MinHeapDeltaBytes                        = 2097152                                   {product} {ergonomic}
   size_t MinHeapSize                              = 8388608                                   {product} {ergonomic}
    uintx NonNMethodCodeHeapSize                   = 5832704                                {pd product} {ergonomic}
    uintx NonProfiledCodeHeapSize                  = 122945536                              {pd product} {ergonomic}
    uintx ProfiledCodeHeapSize                     = 122880000                              {pd product} {ergonomic}
    uintx ReservedCodeCacheSize                    = 251658240                              {pd product} {ergonomic}
     bool SegmentedCodeCache                       = true                                      {product} {ergonomic}
   size_t SoftMaxHeapSize                          = 4127195136                             {manageable} {ergonomic}
     bool UseCompressedOops                        = true                           {product lp64_product} {ergonomic}
     bool UseG1GC                                  = true                                      {product} {ergonomic}
     bool UseLargePagesIndividualAllocation        = false                                  {pd product} {ergonomic}

Logging:
Log output configuration:
 #0: stdout all=warning uptime,level,tags foldmultilines=false
 #1: stderr all=off uptime,level,tags foldmultilines=false

Environment Variables:
JAVA_HOME=C:\Program Files\Java\jdk-23.0.1
PATH=X:\Python312\Scripts\;X:\Python312\;D:\Escuela\Python\Scripts\;D:\Escuela\Python\;C:\Program Files\Common Files\Oracle\Java\javapath;C:\Program Files (x86)\Common Files\Oracle\Java\java8path;C:\Program Files (x86)\Common Files\Oracle\Java\javapath;C:\ProgramData\Oracle\Java\javapath;C:\WINDOWS\system32;C:\WINDOWS;C:\WINDOWS\System32\Wbem;C:\WINDOWS\System32\WindowsPowerShell\v1.0\;C:\WINDOWS\System32\OpenSSH\;C:\msys64\mingw64\bin;C:\Program Files\Microsoft SQL Server\Client SDK\ODBC\170\Tools\Binn\;C:\Program Files\Azure Data Studio\bin;D:\Java-Sql\bin;C:\Program Files\dotnet\;C:\Program Files (x86)\Microsoft SQL Server\160\Tools\Binn\;C:\Program Files\Microsoft SQL Server\160\Tools\Binn\;C:\Program Files\Microsoft SQL Server\160\DTS\Binn\;C:\Program Files (x86)\Microsoft SQL Server\160\DTS\Binn\;C:\Program Files\Microsoft SQL Server\150\Tools\Binn\;C:\Program Files\Microsoft SQL Server\130\DTS\Binn\;C:\Program Files\Microsoft SQL Server\140\DTS\Binn\;C:\Program Files\Microsoft SQL Server\150\DTS\Binn\;F:\Putty\PuTTY\;F:\Xamp2\php;F:\Xamp2\htdocs;C:\Program Files\Microsoft\Web Platform Installer\;X:\Xampp\php;C:\ProgramData\chocolatey\bin;X:\Git\cmd;X:\nodejs\;X:\wkhtmltopdf\bin;C:\Program Files\Java\jdk-23.0.1\bin;X:\CMAKE\bin;C:\Users\erica\AppData\Local\Microsoft\WindowsApps;C:\Program Files\Azure Data Studio\bin;D:\VSCode\Microsoft VS Code\bin;C:\Users\erica\.dotnet\tools;C:\Users\erica\AppData\Local\GitHubDesktop\bin;C:\Users\erica\AppData\Local\Microsoft\WinGet\Packages\Schniz.fnm_Microsoft.Winget.Source_8wekyb3d8bbwe;C:\Users\erica\AppData\Roaming\npm;X:\nodejs;X:\IntelliJ IDEA 2024.3\bin;
USERNAME=erica
LANG=es_ES.UTF-8
OS=Windows_NT
PROCESSOR_IDENTIFIER=AMD64 Family 23 Model 96 Stepping 1, AuthenticAMD
TMP=C:\Users\erica\AppData\Local\Temp
TEMP=C:\Users\erica\AppData\Local\Temp




Periodic native trim disabled

---------------  S Y S T E M  ---------------

OS:
 Windows 11 , 64 bit Build 22621 (10.0.22621.4391)
OS uptime: 2 days 5:19 hours
Hyper-V role detected

CPU: total 12 (initial active 12) (12 cores per cpu, 2 threads per core) family 23 model 96 stepping 1 microcode 0x0, cx8, cmov, fxsr, ht, mmx, 3dnowpref, sse, sse2, sse3, ssse3, sse4a, sse4.1, sse4.2, popcnt, lzcnt, tsc, tscinvbit, avx, avx2, aes, clmul, bmi1, bmi2, adx, sha, fma, vzeroupper, clflush, clflushopt, hv, rdtscp, rdpid, f16c
Processor Information for the first 12 processors :
  Max Mhz: 3000, Current Mhz: 3000, Mhz Limit: 3000

Memory: 4k page, system-wide physical 15741M (442M free)
TotalPageFile size 42195M (AvailPageFile size 299M)
current process WorkingSet (physical memory assigned to process): 30M, peak: 30M
current process commit charge ("private bytes"): 326M, peak: 326M

vm_info: Java HotSpot(TM) 64-Bit Server VM (23.0.1+11-39) for windows-amd64 JRE (23.0.1+11-39), built on 2024-09-30T07:20:43Z with MS VC++ 17.6 (VS2022)

END.
